生成启动时间为 2013/5/24 16:00:38。
     1>项目“D:\VivianJia\备份0524\ShowMeYourHand\Lesson31.vcxproj”在节点 2 上(build 个目标)。
     1>InitializeBuildStatus:
         正在创建“.\Debug\Lesson31.unsuccessfulbuild”，因为已指定“AlwaysCreate”。
       ClCompile:
         C:\Program Files (x86)\Microsoft Visual Studio 10.0\VC\bin\CL.exe /c /I"C:\Program Files (x86)\Microsoft Visual Studio 11.0\VC\include" /ZI /nologo /W3 /WX- /Od /Oy- /D WIN32 /D _DEBUG /D _WINDOWS /D _VC80_UPGRADE=0x0600 /D _MBCS /Gm /EHsc /RTC1 /MTd /GS /Gy /fp:precise /Zc:wchar_t /Zc:forScope /Fo".\Debug\\" /Fd".\Debug\vc100.pdb" /Gd /TP /analyze- /errorReport:prompt Lesson31.cpp
         Lesson31.cpp
     1>d:\vivianjia\备份0524\showmeyourhand\lesson31.cpp(51): warning C4996: 'fopen': This function or variable may be unsafe. Consider using fopen_s instead. To disable deprecation, use _CRT_SECURE_NO_WARNINGS. See online help for details.
                 c:\program files (x86)\microsoft visual studio 10.0\vc\include\stdio.h(234) : 参见“fopen”的声明
     1>d:\vivianjia\备份0524\showmeyourhand\lesson31.cpp(483): warning C4244: “初始化”: 从“const float”转换到“int”，可能丢失数据
       ManifestResourceCompile:
         所有输出均为最新。
       Link:
         C:\Program Files (x86)\Microsoft Visual Studio 10.0\VC\bin\link.exe /ERRORREPORT:PROMPT /OUT:".\Debug\Lesson31.exe" /INCREMENTAL /NOLOGO opengl32.lib glu32.lib glaux.lib Leapd.lib odbc32.lib odbccp32.lib opencv_core230d.lib opencv_highgui230d.lib opencv_video230d.lib opencv_ml230d.lib opencv_legacy230d.lib opencv_imgproc230d.lib kernel32.lib user32.lib gdi32.lib winspool.lib comdlg32.lib advapi32.lib shell32.lib ole32.lib oleaut32.lib uuid.lib odbc32.lib odbccp32.lib /MANIFEST /ManifestFile:".\Debug\Lesson31.exe.intermediate.manifest" /MANIFESTUAC:"level='asInvoker' uiAccess='false'" /DEBUG /PDB:"D:\VivianJia\备份0524\ShowMeYourHand\Debug\Lesson31.pdb" /SUBSYSTEM:WINDOWS /TLBID:1 /DYNAMICBASE /NXCOMPAT /IMPLIB:".\Debug\Lesson31.lib" /MACHINE:X86 .\Debug\Lesson31.exe.embed.manifest.res
         .\Debug\cvSlidebar.obj
         .\Debug\glListener.obj
         .\Debug\Lesson31.obj
         .\Debug\mathlib.obj
         .\Debug\MilkshapeModel.obj
         .\Debug\Model.obj
       Manifest:
         C:\Program Files (x86)\Microsoft SDKs\Windows\v7.0A\bin\mt.exe /nologo /verbose /out:".\Debug\Lesson31.exe.embed.manifest" /manifest .\Debug\Lesson31.exe.intermediate.manifest
         所有输出均为最新。
       LinkEmbedManifest:
         所有输出均为最新。
         Lesson31.vcxproj -> D:\VivianJia\备份0524\ShowMeYourHand\.\Debug\Lesson31.exe
       FinalizeBuildStatus:
         正在删除文件“.\Debug\Lesson31.unsuccessfulbuild”。
         正在对“.\Debug\Lesson31.lastbuildstate”执行 Touch 任务。
     1>已完成生成项目“D:\VivianJia\备份0524\ShowMeYourHand\Lesson31.vcxproj”(build 个目标)的操作。

生成成功。

已用时间 00:00:02.36
