.\Debug\Lesson31.pdb
D:\VivianJia\备份0515\ShowMeYourHand\.\Debug\Lesson31.exe.intermediate.manifest
D:\VivianJia\备份0515\ShowMeYourHand\Debug\cl.command.1.tlog
D:\VivianJia\备份0515\ShowMeYourHand\Debug\CL.read.1.tlog
D:\VivianJia\备份0515\ShowMeYourHand\Debug\CL.write.1.tlog
D:\VIVIANJIA\备份0515\SHOWMEYOURHAND\DEBUG\GLLISTENER.OBJ
D:\VivianJia\备份0515\ShowMeYourHand\Debug\Lesson31(VRGROUP_2013-05-15 11-13-04).pdb
D:\VIVIANJIA\备份0515\SHOWMEYOURHAND\DEBUG\LESSON31.EXE.EMBED.MANIFEST
D:\VIVIANJIA\备份0515\SHOWMEYOURHAND\DEBUG\LESSON31.EXE.EMBED.MANIFEST.RES
D:\VivianJia\备份0515\ShowMeYourHand\Debug\Lesson31.exe.intermediate.manifest
D:\VIVIANJIA\备份0515\SHOWMEYOURHAND\DEBUG\LESSON31.OBJ
D:\VivianJia\备份0515\ShowMeYourHand\Debug\Lesson31.pdb
D:\VivianJia\备份0515\ShowMeYourHand\Debug\Lesson31.write.1.tlog
D:\VivianJia\备份0515\ShowMeYourHand\Debug\Lesson31_manifest.rc
D:\VivianJia\备份0515\ShowMeYourHand\Debug\link.2688.read.1.tlog
D:\VivianJia\备份0515\ShowMeYourHand\Debug\link.2688.write.1.tlog
D:\VivianJia\备份0515\ShowMeYourHand\Debug\link.2688-cvtres.read.1.tlog
D:\VivianJia\备份0515\ShowMeYourHand\Debug\link.2688-cvtres.write.1.tlog
D:\VivianJia\备份0515\ShowMeYourHand\Debug\link.3280.read.1.tlog
D:\VivianJia\备份0515\ShowMeYourHand\Debug\link.3280.write.1.tlog
D:\VivianJia\备份0515\ShowMeYourHand\Debug\link.3280-cvtres.read.1.tlog
D:\VivianJia\备份0515\ShowMeYourHand\Debug\link.3280-cvtres.write.1.tlog
D:\VivianJia\备份0515\ShowMeYourHand\Debug\link.command.1.tlog
D:\VivianJia\备份0515\ShowMeYourHand\Debug\link.read.1.tlog
D:\VivianJia\备份0515\ShowMeYourHand\Debug\link.write.1.tlog
D:\VivianJia\备份0515\ShowMeYourHand\Debug\link-cvtres.read.1.tlog
D:\VivianJia\备份0515\ShowMeYourHand\Debug\link-cvtres.write.1.tlog
D:\VIVIANJIA\备份0515\SHOWMEYOURHAND\DEBUG\MATHLIB.OBJ
D:\VIVIANJIA\备份0515\SHOWMEYOURHAND\DEBUG\MILKSHAPEMODEL.OBJ
D:\VIVIANJIA\备份0515\SHOWMEYOURHAND\DEBUG\MODEL.OBJ
D:\VivianJia\备份0515\ShowMeYourHand\Debug\mt.command.1.tlog
D:\VivianJia\备份0515\ShowMeYourHand\Debug\mt.read.1.tlog
D:\VivianJia\备份0515\ShowMeYourHand\Debug\mt.write.1.tlog
D:\VivianJia\备份0515\ShowMeYourHand\Debug\rc.command.1.tlog
D:\VivianJia\备份0515\ShowMeYourHand\Debug\rc.read.1.tlog
D:\VivianJia\备份0515\ShowMeYourHand\Debug\rc.write.1.tlog
D:\VivianJia\备份0515\ShowMeYourHand\Debug\vc100.idb
D:\VIVIANJIA\备份0515\SHOWMEYOURHAND\DEBUG\VC100.PDB
