生成启动时间为 2013/5/27 17:54:10。
     1>项目“D:\VivianJia\备份0527-Leap\ShowMeYourHand\Lesson31.vcxproj”在节点 2 上(build 个目标)。
     1>InitializeBuildStatus:
         正在对“.\Debug\Lesson31.unsuccessfulbuild”执行 Touch 任务。
       ClCompile:
         C:\Program Files (x86)\Microsoft Visual Studio 10.0\VC\bin\CL.exe /c /ZI /nologo /W3 /WX- /Od /Oy- /D WIN32 /D _DEBUG /D _WINDOWS /D _VC80_UPGRADE=0x0600 /D _MBCS /Gm /EHsc /RTC1 /MTd /GS /Gy /fp:precise /Zc:wchar_t /Zc:forScope /Fo".\Debug\\" /Fd".\Debug\vc100.pdb" /Gd /TP /analyze- /errorReport:prompt glListener.cpp Lesson31.cpp mathlib.cpp MilkshapeModel.cpp Model.cpp
         Model.cpp
     1>d:\vivianjia\备份0527-leap\showmeyourhand\model.cpp(133): warning C4305: “参数”: 从“double”到“GLfloat”截断
     1>d:\vivianjia\备份0527-leap\showmeyourhand\model.cpp(133): warning C4305: “参数”: 从“double”到“GLfloat”截断
     1>d:\vivianjia\备份0527-leap\showmeyourhand\model.cpp(133): warning C4305: “参数”: 从“double”到“GLfloat”截断
     1>d:\vivianjia\备份0527-leap\showmeyourhand\model.cpp(134): warning C4305: “参数”: 从“double”到“GLfloat”截断
     1>d:\vivianjia\备份0527-leap\showmeyourhand\model.cpp(134): warning C4305: “参数”: 从“double”到“GLfloat”截断
     1>d:\vivianjia\备份0527-leap\showmeyourhand\model.cpp(135): warning C4305: “参数”: 从“double”到“GLfloat”截断
     1>d:\vivianjia\备份0527-leap\showmeyourhand\model.cpp(135): warning C4305: “参数”: 从“double”到“GLfloat”截断
     1>d:\vivianjia\备份0527-leap\showmeyourhand\model.cpp(135): warning C4305: “参数”: 从“double”到“GLfloat”截断
     1>d:\vivianjia\备份0527-leap\showmeyourhand\model.cpp(136): warning C4305: “参数”: 从“double”到“GLfloat”截断
     1>d:\vivianjia\备份0527-leap\showmeyourhand\model.cpp(137): warning C4305: “参数”: 从“double”到“GLfloat”截断
     1>d:\vivianjia\备份0527-leap\showmeyourhand\model.cpp(137): warning C4305: “参数”: 从“double”到“GLfloat”截断
     1>d:\vivianjia\备份0527-leap\showmeyourhand\model.cpp(137): warning C4305: “参数”: 从“double”到“GLfloat”截断
     1>d:\vivianjia\备份0527-leap\showmeyourhand\model.cpp(138): warning C4305: “参数”: 从“double”到“GLfloat”截断
     1>d:\vivianjia\备份0527-leap\showmeyourhand\model.cpp(138): warning C4305: “参数”: 从“double”到“GLfloat”截断
     1>d:\vivianjia\备份0527-leap\showmeyourhand\model.cpp(143): warning C4305: “参数”: 从“double”到“GLfloat”截断
     1>d:\vivianjia\备份0527-leap\showmeyourhand\model.cpp(143): warning C4305: “参数”: 从“double”到“GLfloat”截断
     1>d:\vivianjia\备份0527-leap\showmeyourhand\model.cpp(144): warning C4305: “参数”: 从“double”到“GLfloat”截断
     1>d:\vivianjia\备份0527-leap\showmeyourhand\model.cpp(144): warning C4305: “参数”: 从“double”到“GLfloat”截断
     1>d:\vivianjia\备份0527-leap\showmeyourhand\model.cpp(144): warning C4305: “参数”: 从“double”到“GLfloat”截断
     1>d:\vivianjia\备份0527-leap\showmeyourhand\model.cpp(145): warning C4305: “参数”: 从“double”到“GLfloat”截断
     1>d:\vivianjia\备份0527-leap\showmeyourhand\model.cpp(145): warning C4305: “参数”: 从“double”到“GLfloat”截断
     1>d:\vivianjia\备份0527-leap\showmeyourhand\model.cpp(145): warning C4305: “参数”: 从“double”到“GLfloat”截断
     1>d:\vivianjia\备份0527-leap\showmeyourhand\model.cpp(283): warning C4244: “=”: 从“double”转换到“float”，可能丢失数据
     1>d:\vivianjia\备份0527-leap\showmeyourhand\model.cpp(284): warning C4244: “=”: 从“double”转换到“float”，可能丢失数据
     1>d:\vivianjia\备份0527-leap\showmeyourhand\model.cpp(285): warning C4244: “=”: 从“double”转换到“float”，可能丢失数据
     1>d:\vivianjia\备份0527-leap\showmeyourhand\model.cpp(291): warning C4244: “=”: 从“double”转换到“float”，可能丢失数据
     1>d:\vivianjia\备份0527-leap\showmeyourhand\model.cpp(293): warning C4244: “=”: 从“double”转换到“float”，可能丢失数据
     1>d:\vivianjia\备份0527-leap\showmeyourhand\model.cpp(296): warning C4244: “=”: 从“double”转换到“float”，可能丢失数据
     1>d:\vivianjia\备份0527-leap\showmeyourhand\model.cpp(298): warning C4244: “=”: 从“double”转换到“float”，可能丢失数据
     1>d:\vivianjia\备份0527-leap\showmeyourhand\model.cpp(304): warning C4244: “=”: 从“double”转换到“float”，可能丢失数据
     1>d:\vivianjia\备份0527-leap\showmeyourhand\model.cpp(306): warning C4244: “=”: 从“double”转换到“float”，可能丢失数据
     1>d:\vivianjia\备份0527-leap\showmeyourhand\model.cpp(309): warning C4244: “=”: 从“double”转换到“float”，可能丢失数据
     1>d:\vivianjia\备份0527-leap\showmeyourhand\model.cpp(311): warning C4244: “=”: 从“double”转换到“float”，可能丢失数据
     1>d:\vivianjia\备份0527-leap\showmeyourhand\model.cpp(314): warning C4244: “=”: 从“double”转换到“float”，可能丢失数据
     1>d:\vivianjia\备份0527-leap\showmeyourhand\model.cpp(316): warning C4244: “=”: 从“double”转换到“float”，可能丢失数据
     1>d:\vivianjia\备份0527-leap\showmeyourhand\model.cpp(322): warning C4244: “=”: 从“double”转换到“float”，可能丢失数据
     1>d:\vivianjia\备份0527-leap\showmeyourhand\model.cpp(324): warning C4244: “=”: 从“double”转换到“float”，可能丢失数据
     1>d:\vivianjia\备份0527-leap\showmeyourhand\model.cpp(327): warning C4244: “=”: 从“double”转换到“float”，可能丢失数据
     1>d:\vivianjia\备份0527-leap\showmeyourhand\model.cpp(329): warning C4244: “=”: 从“double”转换到“float”，可能丢失数据
     1>d:\vivianjia\备份0527-leap\showmeyourhand\model.cpp(332): warning C4244: “=”: 从“double”转换到“float”，可能丢失数据
     1>d:\vivianjia\备份0527-leap\showmeyourhand\model.cpp(334): warning C4244: “=”: 从“double”转换到“float”，可能丢失数据
     1>d:\vivianjia\备份0527-leap\showmeyourhand\model.cpp(340): warning C4244: “=”: 从“double”转换到“float”，可能丢失数据
     1>d:\vivianjia\备份0527-leap\showmeyourhand\model.cpp(342): warning C4244: “=”: 从“double”转换到“float”，可能丢失数据
     1>d:\vivianjia\备份0527-leap\showmeyourhand\model.cpp(345): warning C4244: “=”: 从“double”转换到“float”，可能丢失数据
     1>d:\vivianjia\备份0527-leap\showmeyourhand\model.cpp(347): warning C4244: “=”: 从“double”转换到“float”，可能丢失数据
     1>d:\vivianjia\备份0527-leap\showmeyourhand\model.cpp(350): warning C4244: “=”: 从“double”转换到“float”，可能丢失数据
     1>d:\vivianjia\备份0527-leap\showmeyourhand\model.cpp(352): warning C4244: “=”: 从“double”转换到“float”，可能丢失数据
     1>d:\vivianjia\备份0527-leap\showmeyourhand\model.cpp(358): warning C4244: “=”: 从“double”转换到“float”，可能丢失数据
     1>d:\vivianjia\备份0527-leap\showmeyourhand\model.cpp(360): warning C4244: “=”: 从“double”转换到“float”，可能丢失数据
     1>d:\vivianjia\备份0527-leap\showmeyourhand\model.cpp(363): warning C4244: “=”: 从“double”转换到“float”，可能丢失数据
     1>d:\vivianjia\备份0527-leap\showmeyourhand\model.cpp(365): warning C4244: “=”: 从“double”转换到“float”，可能丢失数据
     1>d:\vivianjia\备份0527-leap\showmeyourhand\model.cpp(368): warning C4244: “=”: 从“double”转换到“float”，可能丢失数据
     1>d:\vivianjia\备份0527-leap\showmeyourhand\model.cpp(370): warning C4244: “=”: 从“double”转换到“float”，可能丢失数据
         MilkshapeModel.cpp
     1>d:\vivianjia\备份0527-leap\showmeyourhand\milkshapemodel.cpp(139): warning C4244: “初始化”: 从“std::streamoff”转换到“long”，可能丢失数据
     1>d:\vivianjia\备份0527-leap\showmeyourhand\milkshapemodel.cpp(230): warning C4996: 'strcpy': This function or variable may be unsafe. Consider using strcpy_s instead. To disable deprecation, use _CRT_SECURE_NO_WARNINGS. See online help for details.
                 c:\program files (x86)\microsoft visual studio 10.0\vc\include\string.h(105) : 参见“strcpy”的声明
     1>d:\vivianjia\备份0527-leap\showmeyourhand\milkshapemodel.cpp(245): warning C4996: 'strcpy': This function or variable may be unsafe. Consider using strcpy_s instead. To disable deprecation, use _CRT_SECURE_NO_WARNINGS. See online help for details.
                 c:\program files (x86)\microsoft visual studio 10.0\vc\include\string.h(105) : 参见“strcpy”的声明
     1>d:\vivianjia\备份0527-leap\showmeyourhand\milkshapemodel.cpp(246): warning C4996: 'strcpy': This function or variable may be unsafe. Consider using strcpy_s instead. To disable deprecation, use _CRT_SECURE_NO_WARNINGS. See online help for details.
                 c:\program files (x86)\microsoft visual studio 10.0\vc\include\string.h(105) : 参见“strcpy”的声明
         mathlib.cpp
     1>d:\vivianjia\备份0527-leap\showmeyourhand\mathlib.cpp(59): warning C4018: “<”: 有符号/无符号不匹配
         Lesson31.cpp
     1>d:\vivianjia\备份0527-leap\showmeyourhand\lesson31.cpp(50): warning C4996: 'fopen': This function or variable may be unsafe. Consider using fopen_s instead. To disable deprecation, use _CRT_SECURE_NO_WARNINGS. See online help for details.
                 c:\program files (x86)\microsoft visual studio 10.0\vc\include\stdio.h(234) : 参见“fopen”的声明
         glListener.cpp
         正在生成代码...
     1>d:\vivianjia\备份0527-leap\showmeyourhand\model.cpp(177): warning C4715: “Model::findJointByName”: 不是所有的控件路径都返回值
       ManifestResourceCompile:
         C:\Program Files (x86)\Microsoft SDKs\Windows\v7.0A\bin\rc.exe /nologo /fo".\Debug\Lesson31.exe.embed.manifest.res" .\Debug\Lesson31_manifest.rc 
       Link:
         C:\Program Files (x86)\Microsoft Visual Studio 10.0\VC\bin\link.exe /ERRORREPORT:PROMPT /OUT:".\Debug\Lesson31.exe" /INCREMENTAL /NOLOGO opengl32.lib glu32.lib glaux.lib Leapd.lib odbc32.lib odbccp32.lib kernel32.lib user32.lib gdi32.lib winspool.lib comdlg32.lib advapi32.lib shell32.lib ole32.lib oleaut32.lib uuid.lib odbc32.lib odbccp32.lib /MANIFEST /ManifestFile:".\Debug\Lesson31.exe.intermediate.manifest" /MANIFESTUAC:"level='asInvoker' uiAccess='false'" /DEBUG /PDB:"D:\VivianJia\备份0527-Leap\ShowMeYourHand\Debug\Lesson31.pdb" /SUBSYSTEM:WINDOWS /TLBID:1 /DYNAMICBASE /NXCOMPAT /IMPLIB:".\Debug\Lesson31.lib" /MACHINE:X86 .\Debug\Lesson31.exe.embed.manifest.res
         .\Debug\glListener.obj
         .\Debug\Lesson31.obj
         .\Debug\mathlib.obj
         .\Debug\MilkshapeModel.obj
         .\Debug\Model.obj
     1>glListener.obj : error LNK2019: 无法解析的外部符号 "__declspec(dllimport) public: virtual void __thiscall Leap::Listener::onConnect(class Leap::Controller const &)" (__imp_?onConnect@Listener@Leap@@UAEXABVController@2@@Z)，该符号在函数 "public: virtual void __thiscall glListener::onConnect(class Leap::Controller const &)" (?onConnect@glListener@@UAEXABVController@Leap@@@Z) 中被引用
     1>glListener.obj : error LNK2019: 无法解析的外部符号 "__declspec(dllimport) public: void __thiscall Leap::Controller::enableGesture(enum Leap::Gesture::Type,bool)const " (__imp_?enableGesture@Controller@Leap@@QBEXW4Type@Gesture@2@_N@Z)，该符号在函数 "public: virtual void __thiscall glListener::onConnect(class Leap::Controller const &)" (?onConnect@glListener@@UAEXABVController@Leap@@@Z) 中被引用
     1>Lesson31.obj : error LNK2019: 无法解析的外部符号 "__declspec(dllimport) public: struct Leap::Vector __thiscall Leap::Pointable::direction(void)const " (__imp_?direction@Pointable@Leap@@QBE?AUVector@2@XZ)，该符号在函数 "public: virtual void __thiscall glListener::onFrame(class Leap::Controller const &)" (?onFrame@glListener@@UAEXABVController@Leap@@@Z) 中被引用
     1>Lesson31.obj : error LNK2019: 无法解析的外部符号 "__declspec(dllimport) public: class Leap::Finger __thiscall Leap::FingerList::operator[](int)const " (__imp_??AFingerList@Leap@@QBE?AVFinger@1@H@Z)，该符号在函数 "public: virtual void __thiscall glListener::onFrame(class Leap::Controller const &)" (?onFrame@glListener@@UAEXABVController@Leap@@@Z) 中被引用
     1>Lesson31.obj : error LNK2019: 无法解析的外部符号 "__declspec(dllimport) public: bool __thiscall Leap::FingerList::empty(void)const " (__imp_?empty@FingerList@Leap@@QBE_NXZ)，该符号在函数 "public: virtual void __thiscall glListener::onFrame(class Leap::Controller const &)" (?onFrame@glListener@@UAEXABVController@Leap@@@Z) 中被引用
     1>Lesson31.obj : error LNK2019: 无法解析的外部符号 "__declspec(dllimport) public: class Leap::FingerList __thiscall Leap::Hand::fingers(void)const " (__imp_?fingers@Hand@Leap@@QBE?AVFingerList@2@XZ)，该符号在函数 "public: virtual void __thiscall glListener::onFrame(class Leap::Controller const &)" (?onFrame@glListener@@UAEXABVController@Leap@@@Z) 中被引用
     1>Lesson31.obj : error LNK2019: 无法解析的外部符号 "__declspec(dllimport) public: class Leap::Hand __thiscall Leap::HandList::operator[](int)const " (__imp_??AHandList@Leap@@QBE?AVHand@1@H@Z)，该符号在函数 "public: virtual void __thiscall glListener::onFrame(class Leap::Controller const &)" (?onFrame@glListener@@UAEXABVController@Leap@@@Z) 中被引用
     1>Lesson31.obj : error LNK2019: 无法解析的外部符号 "__declspec(dllimport) public: class Leap::HandList __thiscall Leap::Frame::hands(void)const " (__imp_?hands@Frame@Leap@@QBE?AVHandList@2@XZ)，该符号在函数 "public: virtual void __thiscall glListener::onFrame(class Leap::Controller const &)" (?onFrame@glListener@@UAEXABVController@Leap@@@Z) 中被引用
     1>Lesson31.obj : error LNK2019: 无法解析的外部符号 "__declspec(dllimport) public: class Leap::Frame __thiscall Leap::Controller::frame(int)const " (__imp_?frame@Controller@Leap@@QBE?AVFrame@2@H@Z)，该符号在函数 "public: virtual void __thiscall glListener::onFrame(class Leap::Controller const &)" (?onFrame@glListener@@UAEXABVController@Leap@@@Z) 中被引用
     1>Lesson31.obj : error LNK2019: 无法解析的外部符号 "__declspec(dllimport) protected: virtual __thiscall Leap::Interface::~Interface(void)" (__imp_??1Interface@Leap@@MAE@XZ)，该符号在函数 "public: virtual __thiscall Leap::Frame::~Frame(void)" (??1Frame@Leap@@UAE@XZ) 中被引用
     1>Lesson31.obj : error LNK2019: 无法解析的外部符号 "__declspec(dllimport) public: bool __thiscall Leap::Controller::addListener(class Leap::Listener &)" (__imp_?addListener@Controller@Leap@@QAE_NAAVListener@2@@Z)，该符号在函数 _WinMain@16 中被引用
     1>Lesson31.obj : error LNK2019: 无法解析的外部符号 "__declspec(dllimport) public: __thiscall Leap::Listener::Listener(void)" (__imp_??0Listener@Leap@@QAE@XZ)，该符号在函数 "public: __thiscall glListener::glListener(void)" (??0glListener@@QAE@XZ) 中被引用
     1>Lesson31.obj : error LNK2019: 无法解析的外部符号 "__declspec(dllimport) public: virtual __thiscall Leap::Listener::~Listener(void)" (__imp_??1Listener@Leap@@UAE@XZ)，该符号在函数 "public: virtual __thiscall glListener::~glListener(void)" (??1glListener@@UAE@XZ) 中被引用
     1>Lesson31.obj : error LNK2019: 无法解析的外部符号 "__declspec(dllimport) public: __thiscall Leap::Controller::Controller(void)" (__imp_??0Controller@Leap@@QAE@XZ)，该符号在函数 "void __cdecl `dynamic initializer for 'controller''(void)" (??__Econtroller@@YAXXZ) 中被引用
     1>Lesson31.obj : error LNK2019: 无法解析的外部符号 "__declspec(dllimport) public: virtual __thiscall Leap::Controller::~Controller(void)" (__imp_??1Controller@Leap@@UAE@XZ)，该符号在函数 "void __cdecl `dynamic atexit destructor for 'controller''(void)" (??__Fcontroller@@YAXXZ) 中被引用
     1>.\Debug\Lesson31.exe : fatal error LNK1120: 15 个无法解析的外部命令
     1>已完成生成项目“D:\VivianJia\备份0527-Leap\ShowMeYourHand\Lesson31.vcxproj”(build 个目标)的操作 - 失败。

生成失败。

已用时间 00:00:04.29
